2024-04-03 10:52:40 - my_bot - INFO - Bot gestartet als DeathZone Rev 1#6607
2024-04-03 10:52:51 - my_bot - INFO - DeathZone Rev 1#6607 wurde gestoppt
2024-04-03 11:54:35 - my_bot - INFO - Bot gestartet als DeathZone Rev 1#6607
2024-04-03 12:49:24 - my_bot - INFO - Bot gestartet als DeathZone Rev 1#6607
2024-04-03 12:50:50 - my_bot - INFO - DeathZone Rev 1#6607 wurde gestoppt
2024-04-03 10:51:02,487 - my_bot - INFO - Bot gestartet als DeathZone Rev 1#6607
2024-04-03 10:51:56,320 - my_bot - INFO - DeathZone Rev 1#6607 wurde gestoppt
2024-04-03 10:52:06,777 - my_bot - INFO - Bot gestartet als DeathZone Rev 1#6607
2024-04-03 10:54:14,106 - my_bot - INFO - Bot gestartet als DeathZone Rev 1#6607
2024-04-03 10:56:04,004 - my_bot - INFO - Bot gestartet als DeathZone Rev 1#6607
2024-04-03 10:56:44,168 - my_bot - INFO - DeathZone Rev 1#6607 wurde gestoppt
2024-04-03 10:57:12,499 - my_bot - INFO - Bot gestartet als DeathZone Rev 1#6607
2024-04-03 10:58:56,507 - my_bot - INFO - DeathZone Rev 1#6607 wurde gestoppt
2024-04-03 10:59:03,536 - my_bot - INFO - Bot gestartet als DeathZone Rev 1#6607
2024-04-03 10:59:58,256 - my_bot - INFO - DeathZone Rev 1#6607 wurde gestoppt
2024-04-03 11:00:09,213 - my_bot - INFO - Bot gestartet als DeathZone Rev 1#6607
2024-04-03 11:02:30,207 - my_bot - INFO - DeathZone Rev 1#6607 wurde gestoppt
2024-04-03 11:02:36,757 - my_bot - INFO - Bot gestartet als DeathZone Rev 1#6607
2024-04-03 11:04:31,584 - my_bot - INFO - DeathZone Rev 1#6607 wurde gestoppt
2024-04-03 11:05:10,310 - my_bot - INFO - Bot gestartet als DeathZone Rev 1#6607
2024-04-03 11:06:03,982 - my_bot - INFO - DeathZone Rev 1#6607 wurde gestoppt
2024-04-03 11:07:14,561 - my_bot - INFO - Bot gestartet als DeathZone Rev 1#6607
2024-04-03 11:09:58,589 - my_bot - INFO - DeathZone Rev 1#6607 wurde gestoppt
2024-04-03 11:10:05,979 - my_bot - INFO - Bot gestartet als DeathZone Rev 1#6607
2024-04-03 14:00:43,099 - my_bot - INFO - Bot gestartet als DeathZone Rev 1#6607
2024-04-03 14:04:35,487 - my_bot - INFO - DeathZone Rev 1#6607 wurde gestoppt
2024-04-03 14:07:32,764 - my_bot - INFO - Bot gestartet als DeathZone Rev 1#6607
2024-04-03 14:30:07,862 - my_bot - INFO - Bot gestartet als DeathZone Rev 1#6607
2024-04-28 17:55:35,470 - my_bot - INFO - Bot gestartet als DeathZone Rev 1#6607
2024-05-09 06:17:06,108 - my_bot - INFO - Bot gestartet als DeathZone Rev 1#6607
2024-05-09 06:17:44,877 - my_bot - INFO - DeathZone Rev 1#6607 wurde gestoppt
2024-05-09 06:17:49,609 - my_bot - INFO - Bot gestartet als DeathZone Rev 1#6607
2024-05-09 06:17:54,952 - my_bot - INFO - DeathZone Rev 1#6607 wurde gestoppt
2024-05-11 13:55:30,465 - my_bot - INFO - Bot gestartet als TEST BOT#1778
2024-05-11 15:18:39,648 - my_bot - INFO - Bot gestartet als TEST BOT#1778
2024-05-11 15:31:14,715 - my_bot - INFO - Bot gestartet als TEST BOT#1778
